<?xml version="1.0" encoding="UTF-8"?>
<!-- Generated by org.testng.reporters.JUnitXMLReporter -->
<testsuite ignored="2" hostname="GURU" failures="0" tests="1" name="Default test" time="1.4" errors="0" timestamp="2024-12-08T21:27:29 IST">
  <testcase classname="recon.datafetcher.CRN_Fetch" name="crnFetchFrom_PayoutLog_UsingUnresolvedStmts" time="1.351"/>
  <testcase classname="recon.datafetcher.CRN_Fetch" name="extract_crn_from_payoutwocredti" time="0.0">
    <ignored/>
  </testcase> <!-- extract_crn_from_payoutwocredti -->
  <testcase classname="recon.datafetcher.CRN_Fetch" name="fetch_crn_from_txnreport_for_bankstmts" time="0.0">
    <ignored/>
  </testcase> <!-- fetch_crn_from_txnreport_for_bankstmts -->
</testsuite> <!-- Default test -->
