<?xml version="1.0" encoding="UTF-8"?>
<!-- Generated by org.testng.reporters.JUnitXMLReporter -->
<testsuite ignored="1" hostname="GURU" failures="0" tests="1" name="Default test" time="211.606" errors="0" timestamp="2025-01-10T12:10:37 IST">
  <testcase classname="recon.datafetcher.Resolve_PayoutWoStmts_ByFetchingStms_FromBankStmt" name="seprateProcessedPayoutFromPayoutWoStmts" time="211.552"/>
  <testcase classname="recon.datafetcher.Resolve_PayoutWoStmts_ByFetchingStms_FromBankStmt" name="fetchStmts_forProccessedPayoutWoStmts" time="0.0">
    <ignored/>
  </testcase> <!-- fetchStmts_forProccessedPayoutWoStmts -->
</testsuite> <!-- Default test -->
