<?xml version="1.0" encoding="UTF-8"?>
<!-- Generated by org.testng.reporters.JUnitReportReporter -->
<testsuite hostname="GURU" failures="0" tests="1" name="recon.datafetcher.Resolve_PayoutWoStmts_ByFetchingStms_FromBankStmt" time="211.552" errors="0" timestamp="2025-01-10T12:10:37 IST" skipped="0">
  <testcase classname="recon.datafetcher.Resolve_PayoutWoStmts_ByFetchingStms_FromBankStmt" name="seprateProcessedPayoutFromPayoutWoStmts" time="211.552"/>
  <system-out/>
</testsuite> <!-- recon.datafetcher.Resolve_PayoutWoStmts_ByFetchingStms_FromBankStmt -->
