<?xml version="1.0" encoding="UTF-8"?>
<!-- Generated by org.testng.reporters.JUnitReportReporter -->
<testsuite hostname="GURU" failures="0" tests="1" name="recon.datafetcher.FetchingUnresolvedStmsForThatDay" time="3.866" errors="0" timestamp="2024-12-05T16:02:48 IST" skipped="0">
  <testcase classname="recon.datafetcher.FetchingUnresolvedStmsForThatDay" name="getCRNforUnresolvedDRStmsFrompayoutLog" time="3.866"/>
  <system-out/>
</testsuite> <!-- recon.datafetcher.FetchingUnresolvedStmsForThatDay -->
